[debug] [2025-09-07T11:03:51.509Z] ----------------------------------------------------------------------
[debug] [2025-09-07T11:03:51.511Z] Command:       C:\nvm14w\nodejs\node.exe C:\Users\BTC2\AppData\Roaming\npm\node_modules\firebase-tools\lib\bin\firebase.js init hosting:github
[debug] [2025-09-07T11:03:51.512Z] CLI Version:   14.15.2
[debug] [2025-09-07T11:03:51.512Z] Platform:      win32
[debug] [2025-09-07T11:03:51.512Z] Node Version:  v20.18.0
[debug] [2025-09-07T11:03:51.512Z] Time:          Sun Sep 07 2025 14:03:51 GMT+0300 (GMT+03:00)
[debug] [2025-09-07T11:03:51.512Z] ----------------------------------------------------------------------
[debug] 
[debug] [2025-09-07T11:03:51.632Z] > command requires scopes: ["email","openid","https://www.googleapis.com/auth/cloudplatformprojects.readonly","https://www.googleapis.com/auth/firebase","https://www.googleapis.com/auth/cloud-platform"]
[debug] [2025-09-07T11:03:51.632Z] > authorizing via signed-in user (btchack43@gmail.com)
[info] 
     ######## #### ########  ######## ########     ###     ######  ########
     ##        ##  ##     ## ##       ##     ##  ##   ##  ##       ##
     ######    ##  ########  ######   ########  #########  ######  ######
     ##        ##  ##    ##  ##       ##     ## ##     ##       ## ##
     ##       #### ##     ## ######## ########  ##     ##  ######  ########

You're about to initialize a Firebase project in this directory:

  C:\Users\BTC2\Desktop\pythonsite\usdt4444

Before we get started, keep in mind:

  * You are initializing within an existing Firebase project directory

[debug] [2025-09-07T11:03:59.082Z] ExitPromptError: User force closed the prompt with SIGINT
    at Interface.sigint (C:\Users\BTC2\AppData\Roaming\npm\node_modules\firebase-tools\node_modules\@inquirer\core\dist\commonjs\lib\create-prompt.js:101:37)
    at Interface.emit (node:events:519:28)
    at Interface.emit (node:domain:488:12)
    at [_ttyWrite] [as _ttyWrite] (node:internal/readline/interface:1126:18)
    at ReadStream.onkeypress (node:internal/readline/interface:265:20)
    at ReadStream.emit (node:events:531:35)
    at ReadStream.emit (node:domain:488:12)
    at emitKeys (node:internal/readline/utils:371:14)
    at emitKeys.next (<anonymous>)
    at ReadStream.onData (node:internal/readline/emitKeypressEvents:64:36)
[error] 
[error] Error: An unexpected error has occurred.
